[0.431s] Invoking command in '/home/fass1080/ros2_ws/src/mypkg': PYTHONPATH=/home/fass1080/ros2_ws/src/mypkg/build/mypkg/prefix_override:/home/fass1080/ros2_ws/src/mypkg/install/mypkg/lib/python3.8/site-packages: /usr/bin/python3 setup.py egg_info --egg-base build/mypkg build --build-base /home/fass1080/ros2_ws/src/mypkg/build/mypkg/build install --record /home/fass1080/ros2_ws/src/mypkg/build/mypkg/install.log --install-scripts $base/lib/mypkg --single-version-externally-managed
[0.537s] running egg_info
[0.537s] creating build/mypkg/mypkg.egg-info
[0.537s] writing build/mypkg/mypkg.egg-info/PKG-INFO
[0.537s] writing dependency_links to build/mypkg/mypkg.egg-info/dependency_links.txt
[0.537s] writing entry points to build/mypkg/mypkg.egg-info/entry_points.txt
[0.537s] writing requirements to build/mypkg/mypkg.egg-info/requires.txt
[0.538s] writing top-level names to build/mypkg/mypkg.egg-info/top_level.txt
[0.539s] writing manifest file 'build/mypkg/mypkg.egg-info/SOURCES.txt'
[0.560s] reading manifest file 'build/mypkg/mypkg.egg-info/SOURCES.txt'
[0.560s] writing manifest file 'build/mypkg/mypkg.egg-info/SOURCES.txt'
[0.560s] running build
[0.561s] running build_py
[0.561s] creating /home/fass1080/ros2_ws/src/mypkg/build/mypkg/build
[0.561s] creating /home/fass1080/ros2_ws/src/mypkg/build/mypkg/build/lib
[0.561s] creating /home/fass1080/ros2_ws/src/mypkg/build/mypkg/build/lib/mypkg
[0.561s] copying mypkg/talker.py -> /home/fass1080/ros2_ws/src/mypkg/build/mypkg/build/lib/mypkg
[0.561s] copying mypkg/listener.py -> /home/fass1080/ros2_ws/src/mypkg/build/mypkg/build/lib/mypkg
[0.562s] copying mypkg/__init__.py -> /home/fass1080/ros2_ws/src/mypkg/build/mypkg/build/lib/mypkg
[0.562s] running install
[0.562s] running install_lib
[0.563s] creating /home/fass1080/ros2_ws/src/mypkg/install/mypkg/lib/python3.8/site-packages/mypkg
[0.563s] copying /home/fass1080/ros2_ws/src/mypkg/build/mypkg/build/lib/mypkg/talker.py -> /home/fass1080/ros2_ws/src/mypkg/install/mypkg/lib/python3.8/site-packages/mypkg
[0.563s] copying /home/fass1080/ros2_ws/src/mypkg/build/mypkg/build/lib/mypkg/listener.py -> /home/fass1080/ros2_ws/src/mypkg/install/mypkg/lib/python3.8/site-packages/mypkg
[0.563s] copying /home/fass1080/ros2_ws/src/mypkg/build/mypkg/build/lib/mypkg/__init__.py -> /home/fass1080/ros2_ws/src/mypkg/install/mypkg/lib/python3.8/site-packages/mypkg
[0.564s] byte-compiling /home/fass1080/ros2_ws/src/mypkg/install/mypkg/lib/python3.8/site-packages/mypkg/talker.py to talker.cpython-38.pyc
[0.565s] byte-compiling /home/fass1080/ros2_ws/src/mypkg/install/mypkg/lib/python3.8/site-packages/mypkg/listener.py to listener.cpython-38.pyc
[0.565s] byte-compiling /home/fass1080/ros2_ws/src/mypkg/install/mypkg/lib/python3.8/site-packages/mypkg/__init__.py to __init__.cpython-38.pyc
[0.565s] running install_data
[0.565s] creating /home/fass1080/ros2_ws/src/mypkg/install/mypkg/share/ament_index
[0.566s] creating /home/fass1080/ros2_ws/src/mypkg/install/mypkg/share/ament_index/resource_index
[0.566s] creating /home/fass1080/ros2_ws/src/mypkg/install/mypkg/share/ament_index/resource_index/packages
[0.566s] copying resource/mypkg -> /home/fass1080/ros2_ws/src/mypkg/install/mypkg/share/ament_index/resource_index/packages
[0.566s] copying package.xml -> /home/fass1080/ros2_ws/src/mypkg/install/mypkg/share/mypkg
[0.566s] copying launch/talk_listen.launch.py -> /home/fass1080/ros2_ws/src/mypkg/install/mypkg/share/mypkg
[0.567s] running install_egg_info
[0.568s] Copying build/mypkg/mypkg.egg-info to /home/fass1080/ros2_ws/src/mypkg/install/mypkg/lib/python3.8/site-packages/mypkg-0.0.0-py3.8.egg-info
[0.569s] running install_scripts
[0.579s] Installing listener script to /home/fass1080/ros2_ws/src/mypkg/install/mypkg/lib/mypkg
[0.579s] Installing talker script to /home/fass1080/ros2_ws/src/mypkg/install/mypkg/lib/mypkg
[0.580s] writing list of installed files to '/home/fass1080/ros2_ws/src/mypkg/build/mypkg/install.log'
[0.594s] Invoked command in '/home/fass1080/ros2_ws/src/mypkg' returned '0': PYTHONPATH=/home/fass1080/ros2_ws/src/mypkg/build/mypkg/prefix_override:/home/fass1080/ros2_ws/src/mypkg/install/mypkg/lib/python3.8/site-packages: /usr/bin/python3 setup.py egg_info --egg-base build/mypkg build --build-base /home/fass1080/ros2_ws/src/mypkg/build/mypkg/build install --record /home/fass1080/ros2_ws/src/mypkg/build/mypkg/install.log --install-scripts $base/lib/mypkg --single-version-externally-managed
